
> vibe-generated-app@1.0.0 dev
> vite


  VITE v5.4.20  ready in 423 ms

  ➜  Local:   http://localhost:3000/
  ➜  Network: http://172.20.47.192:3000/
10:49:35 AM [vite] Pre-transform error: Transform failed with 1 error:
/home/workspace/src/App.jsx:164:92: ERROR: Unexpected "]"
10:49:55 AM [vite] Internal server error: Transform failed with 1 error:
/home/workspace/src/App.jsx:164:92: ERROR: Unexpected "]"
  Plugin: vite:esbuild
  File: /home/workspace/src/App.jsx:164:92
  
  Unexpected "]"
  162|                <ul>
  163|                  <li><strong>User</strong> { id, email, name, timezone, locale, work_hours, prefs, created_at }</li>
  164|                  <li><strong>Goal</strong> { id, user_id, title, description, priority, tags[], due_date, status, created_at }</li>
     |                                                                                              ^
  165|                  <li><strong>Plan</strong> { id, goal_id, summary, total_hours, risk_notes, version, created_at }</li>
  166|                  <li><strong>Phase</strong> { id, plan_id, name, outcome, order, estimate_hours }</li>
  
      at failureErrorWithLog (/home/workspace/node_modules/esbuild/lib/main.js:1472:15)
      at /home/workspace/node_modules/esbuild/lib/main.js:755:50
      at responseCallbacks.<computed> (/home/workspace/node_modules/esbuild/lib/main.js:622:9)
      at handleIncomingPacket (/home/workspace/node_modules/esbuild/lib/main.js:677:12)
      at Socket.readFromStdout (/home/workspace/node_modules/esbuild/lib/main.js:600:7)
      at Socket.emit (node:events:508:28)
      at addChunk (node:internal/streams/readable:559:12)
      at readableAddChunkPushByteMode (node:internal/streams/readable:510:3)
      at Readable.push (node:internal/streams/readable:390:5)
      at Pipe.onStreamRead (node:internal/stream_base_commons:189:23)
